0 info it worked if it ends with ok
1 verbose cli [ 'C:\\Program Files\\nodejs\\node.exe',
1 verbose cli   'C:\\Program Files\\nodejs\\node_modules\\npm\\bin\\npm-cli.js',
1 verbose cli   'publish' ]
2 info using npm@3.10.9
3 info using node@v7.2.0
4 verbose publish [ '.' ]
5 silly cache add args [ '.', null ]
6 verbose cache add spec .
7 silly cache add parsed spec Result {
7 silly cache add   raw: '.',
7 silly cache add   scope: null,
7 silly cache add   escapedName: null,
7 silly cache add   name: null,
7 silly cache add   rawSpec: '.',
7 silly cache add   spec: 'C:\\Users\\nathan.white\\Documents\\Codez\\generator-rim-es6-component',
7 silly cache add   type: 'directory' }
8 verbose addLocalDirectory C:\Users\nathan.white\AppData\Roaming\npm-cache\generator-rim-es6-component\0.1.0\package.tgz not in flight; packing
9 verbose correctMkdir C:\Users\nathan.white\AppData\Roaming\npm-cache correctMkdir not in flight; initializing
10 info lifecycle generator-rim-es6-component@0.1.0~prepublish: generator-rim-es6-component@0.1.0
11 silly lifecycle generator-rim-es6-component@0.1.0~prepublish: no script for prepublish, continuing
12 verbose tar pack [ 'C:\\Users\\nathan.white\\AppData\\Roaming\\npm-cache\\generator-rim-es6-component\\0.1.0\\package.tgz',
12 verbose tar pack   'C:\\Users\\nathan.white\\Documents\\Codez\\generator-rim-es6-component' ]
13 verbose tarball C:\Users\nathan.white\AppData\Roaming\npm-cache\generator-rim-es6-component\0.1.0\package.tgz
14 verbose folder C:\Users\nathan.white\Documents\Codez\generator-rim-es6-component
15 verbose addLocalTarball adding from inside cache C:\Users\nathan.white\AppData\Roaming\npm-cache\generator-rim-es6-component\0.1.0\package.tgz
16 verbose correctMkdir C:\Users\nathan.white\AppData\Roaming\npm-cache correctMkdir not in flight; initializing
17 silly cache afterAdd generator-rim-es6-component@0.1.0
18 verbose afterAdd C:\Users\nathan.white\AppData\Roaming\npm-cache\generator-rim-es6-component\0.1.0\package\package.json not in flight; writing
19 verbose correctMkdir C:\Users\nathan.white\AppData\Roaming\npm-cache correctMkdir not in flight; initializing
20 verbose afterAdd C:\Users\nathan.white\AppData\Roaming\npm-cache\generator-rim-es6-component\0.1.0\package\package.json written
21 silly publish { name: 'generator-rim-es6-component',
21 silly publish   version: '0.1.0',
21 silly publish   description: 'Creates an es6 component based on the RimDev component template',
21 silly publish   files: [ 'generators' ],
21 silly publish   main: 'generators/index.js',
21 silly publish   engines: { node: '>=6.1' },
21 silly publish   keywords: [ 'yeoman-generator', 'es6', 'component' ],
21 silly publish   dependencies: { 'yeoman-generator': '^1.1.0' },
21 silly publish   author:
21 silly publish    { name: 'Ritter Insurance Marketing',
21 silly publish      url: 'https://github.com/ritterim' },
21 silly publish   readme: '# RimDev ES6 component generator\r\n\r\nInstall the generator and yeoman via NPM\r\n\r\n```\r\nnpm install -g yeoman-generator generator-rim-es6-component\r\n```\r\n\r\nMake a project directory, enter it, and generate a component\r\n\r\n```\r\nmkdir my-component-project\r\ncd my-component-project\r\nyo rim-es6-generator\r\nnpm install\r\nnpm start\r\n```',
21 silly publish   readmeFilename: 'README.md',
21 silly publish   gitHead: '1ce46df79821d1c983f5f2739f7a647e388aeb8d',
21 silly publish   _id: 'generator-rim-es6-component@0.1.0',
21 silly publish   scripts: {},
21 silly publish   _shasum: '6266110174d648ca17c9ee0b1736c85458570cc0',
21 silly publish   _from: '.' }
22 verbose getPublishConfig undefined
23 silly mapToRegistry name generator-rim-es6-component
24 silly mapToRegistry using default registry
25 silly mapToRegistry registry https://registry.npmjs.org/
26 silly mapToRegistry data Result {
26 silly mapToRegistry   raw: 'generator-rim-es6-component',
26 silly mapToRegistry   scope: null,
26 silly mapToRegistry   escapedName: 'generator-rim-es6-component',
26 silly mapToRegistry   name: 'generator-rim-es6-component',
26 silly mapToRegistry   rawSpec: '',
26 silly mapToRegistry   spec: 'latest',
26 silly mapToRegistry   type: 'tag' }
27 silly mapToRegistry uri https://registry.npmjs.org/generator-rim-es6-component
28 verbose publish registryBase https://registry.npmjs.org/
29 silly publish uploading C:\Users\nathan.white\AppData\Roaming\npm-cache\generator-rim-es6-component\0.1.0\package.tgz
30 verbose request uri https://registry.npmjs.org/generator-rim-es6-component
31 verbose request sending authorization for write operation
32 info attempt registry request try #1 at 11:58:39 AM
33 verbose request using bearer token for auth
34 verbose request id 7874e0ba3985a19a
35 http request PUT https://registry.npmjs.org/generator-rim-es6-component
36 http 403 https://registry.npmjs.org/generator-rim-es6-component
37 verbose headers { 'content-type': 'application/json',
37 verbose headers   'cache-control': 'max-age=300',
37 verbose headers   'content-length': '95',
37 verbose headers   'accept-ranges': 'bytes',
37 verbose headers   date: 'Tue, 21 Feb 2017 18:58:40 GMT',
37 verbose headers   via: '1.1 varnish',
37 verbose headers   connection: 'keep-alive',
37 verbose headers   'x-served-by': 'cache-lax8620-LAX',
37 verbose headers   'x-cache': 'MISS',
37 verbose headers   'x-cache-hits': '0',
37 verbose headers   'x-timer': 'S1487703519.929324,VS0,VE178',
37 verbose headers   vary: 'Accept-Encoding' }
38 verbose request invalidating C:\Users\nathan.white\AppData\Roaming\npm-cache\registry.npmjs.org\generator-rim-es6-component on PUT
39 error publish Failed PUT 403
40 verbose stack Error: "You cannot publish over the previously published version 0.1.0." : generator-rim-es6-component
40 verbose stack     at makeError (C:\Program Files\nodejs\node_modules\npm\node_modules\npm-registry-client\lib\request.js:302:12)
40 verbose stack     at CachingRegistryClient.<anonymous> (C:\Program Files\nodejs\node_modules\npm\node_modules\npm-registry-client\lib\request.js:290:14)
40 verbose stack     at Request._callback (C:\Program Files\nodejs\node_modules\npm\node_modules\npm-registry-client\lib\request.js:210:14)
40 verbose stack     at Request.self.callback (C:\Program Files\nodejs\node_modules\npm\node_modules\request\request.js:187:22)
40 verbose stack     at emitTwo (events.js:106:13)
40 verbose stack     at Request.emit (events.js:191:7)
40 verbose stack     at Request.<anonymous> (C:\Program Files\nodejs\node_modules\npm\node_modules\request\request.js:1048:10)
40 verbose stack     at emitOne (events.js:96:13)
40 verbose stack     at Request.emit (events.js:188:7)
40 verbose stack     at IncomingMessage.<anonymous> (C:\Program Files\nodejs\node_modules\npm\node_modules\request\request.js:969:12)
41 verbose statusCode 403
42 verbose pkgid generator-rim-es6-component
43 verbose cwd C:\Users\nathan.white\Documents\Codez\generator-rim-es6-component
44 error Windows_NT 10.0.14393
45 error argv "C:\\Program Files\\nodejs\\node.exe" "C:\\Program Files\\nodejs\\node_modules\\npm\\bin\\npm-cli.js" "publish"
46 error node v7.2.0
47 error npm  v3.10.9
48 error code E403
49 error "You cannot publish over the previously published version 0.1.0." : generator-rim-es6-component
50 error If you need help, you may report this error at:
50 error     <https://github.com/npm/npm/issues>
51 verbose exit [ 1, true ]
